ProvidesTest.java:13: error: invalid use of @provides
 * @provides UsesTest
   ^
ProvidesTest.java:13: error: service-type not found
 * @provides UsesTest
   ^
ProvidesTest.java:13: error: reference not found
 * @provides UsesTest
             ^
ProvidesTest.java:19: error: invalid use of @provides
     * @provides UsesTest Test description.
       ^
ProvidesTest.java:19: error: service-type not found
     * @provides UsesTest Test description.
       ^
ProvidesTest.java:19: error: reference not found
     * @provides UsesTest Test description.
                 ^
ProvidesTest.java:26: error: invalid use of @provides
     * @provides UsesTest Test description.
       ^
ProvidesTest.java:26: error: service-type not found
     * @provides UsesTest Test description.
       ^
ProvidesTest.java:26: error: reference not found
     * @provides UsesTest Test description.
                 ^
9 errors
